<?xml version="1.0" encoding="UTF-8"?>
<testng-results ignored="0" total="1" passed="1" failed="0" skipped="0">
  <reporter-output>
  </reporter-output>
  <suite started-at="2023-08-07T15:28:44 IST" name="Default suite" finished-at="2023-08-07T15:28:45 IST" duration-ms="362">
    <groups>
    </groups>
    <test started-at="2023-08-07T15:28:44 IST" name="Default test" finished-at="2023-08-07T15:28:45 IST" duration-ms="362">
      <class name="serialization.EmpserializationArray">
        <test-method signature="empArrayserilztn()[pri:0, instance:serialization.EmpserializationArray@290222c1]" started-at="2023-08-07T15:28:44 IST" name="empArrayserilztn" finished-at="2023-08-07T15:28:45 IST" duration-ms="313" status="PASS">
          <reporter-output>
          </reporter-output>
        </test-method> <!-- empArrayserilztn -->
      </class> <!-- serialization.EmpserializationArray -->
    </test> <!-- Default test -->
  </suite> <!-- Default suite -->
</testng-results>
